C:\USERS\STEPHEN\DOCUMENTS\GITHUB\INSCRUTABLE\SP\SRC\LIB\PUBLIC\VGUI_CONTROLS.LIB
C:\Users\stephen\Documents\GitHub\Inscrutable\sp\src\vgui2\vgui_controls\..\..\lib\public\.\vgui_controls.lib
C:\USERS\STEPHEN\DOCUMENTS\GITHUB\INSCRUTABLE\SP\SRC\VGUI2\VGUI_CONTROLS\GENERATED_PROTO\HTMLMESSAGES.PB.CC
C:\USERS\STEPHEN\DOCUMENTS\GITHUB\INSCRUTABLE\SP\SRC\VGUI2\VGUI_CONTROLS\GENERATED_PROTO\HTMLMESSAGES.PB.H
C:\USERS\STEPHEN\DOCUMENTS\GITHUB\INSCRUTABLE\SP\SRC\VGUI2\VGUI_CONTROLS\RELEASE\ANALOGBAR.OBJ
C:\USERS\STEPHEN\DOCUMENTS\GITHUB\INSCRUTABLE\SP\SRC\VGUI2\VGUI_CONTROLS\RELEASE\ANIMATINGIMAGEPANEL.OBJ
C:\USERS\STEPHEN\DOCUMENTS\GITHUB\INSCRUTABLE\SP\SRC\VGUI2\VGUI_CONTROLS\RELEASE\ANIMATIONCONTROLLER.OBJ
C:\USERS\STEPHEN\DOCUMENTS\GITHUB\INSCRUTABLE\SP\SRC\VGUI2\VGUI_CONTROLS\RELEASE\BITMAPIMAGEPANEL.OBJ
C:\USERS\STEPHEN\DOCUMENTS\GITHUB\INSCRUTABLE\SP\SRC\VGUI2\VGUI_CONTROLS\RELEASE\BUILDFACTORYHELPER.OBJ
C:\USERS\STEPHEN\DOCUMENTS\GITHUB\INSCRUTABLE\SP\SRC\VGUI2\VGUI_CONTROLS\RELEASE\BUILDGROUP.OBJ
C:\USERS\STEPHEN\DOCUMENTS\GITHUB\INSCRUTABLE\SP\SRC\VGUI2\VGUI_CONTROLS\RELEASE\BUILDMODEDIALOG.OBJ
C:\USERS\STEPHEN\DOCUMENTS\GITHUB\INSCRUTABLE\SP\SRC\VGUI2\VGUI_CONTROLS\RELEASE\BUTTON.OBJ
C:\USERS\STEPHEN\DOCUMENTS\GITHUB\INSCRUTABLE\SP\SRC\VGUI2\VGUI_CONTROLS\RELEASE\CHECKBUTTON.OBJ
C:\USERS\STEPHEN\DOCUMENTS\GITHUB\INSCRUTABLE\SP\SRC\VGUI2\VGUI_CONTROLS\RELEASE\CHECKBUTTONLIST.OBJ
C:\USERS\STEPHEN\DOCUMENTS\GITHUB\INSCRUTABLE\SP\SRC\VGUI2\VGUI_CONTROLS\RELEASE\CIRCULARPROGRESSBAR.OBJ
C:\Users\stephen\Documents\GitHub\Inscrutable\sp\src\vgui2\vgui_controls\Release\CL.12692.read.1.tlog
C:\Users\stephen\Documents\GitHub\Inscrutable\sp\src\vgui2\vgui_controls\Release\CL.12692.write.1.tlog
C:\Users\stephen\Documents\GitHub\Inscrutable\sp\src\vgui2\vgui_controls\Release\CL.219104.read.1.tlog
C:\Users\stephen\Documents\GitHub\Inscrutable\sp\src\vgui2\vgui_controls\Release\CL.219104.write.1.tlog
C:\Users\stephen\Documents\GitHub\Inscrutable\sp\src\vgui2\vgui_controls\Release\CL.219720.read.1.tlog
C:\Users\stephen\Documents\GitHub\Inscrutable\sp\src\vgui2\vgui_controls\Release\CL.219720.write.1.tlog
C:\Users\stephen\Documents\GitHub\Inscrutable\sp\src\vgui2\vgui_controls\Release\CL.220076.read.1.tlog
C:\Users\stephen\Documents\GitHub\Inscrutable\sp\src\vgui2\vgui_controls\Release\CL.220076.write.1.tlog
C:\Users\stephen\Documents\GitHub\Inscrutable\sp\src\vgui2\vgui_controls\Release\CL.220296.read.1.tlog
C:\Users\stephen\Documents\GitHub\Inscrutable\sp\src\vgui2\vgui_controls\Release\CL.220296.write.1.tlog
C:\Users\stephen\Documents\GitHub\Inscrutable\sp\src\vgui2\vgui_controls\Release\CL.2872.read.1.tlog
C:\Users\stephen\Documents\GitHub\Inscrutable\sp\src\vgui2\vgui_controls\Release\CL.2872.write.1.tlog
C:\Users\stephen\Documents\GitHub\Inscrutable\sp\src\vgui2\vgui_controls\Release\CL.49044.read.1.tlog
C:\Users\stephen\Documents\GitHub\Inscrutable\sp\src\vgui2\vgui_controls\Release\CL.49044.write.1.tlog
C:\Users\stephen\Documents\GitHub\Inscrutable\sp\src\vgui2\vgui_controls\Release\CL.4996.read.1.tlog
C:\Users\stephen\Documents\GitHub\Inscrutable\sp\src\vgui2\vgui_controls\Release\CL.4996.write.1.tlog
C:\Users\stephen\Documents\GitHub\Inscrutable\sp\src\vgui2\vgui_controls\Release\CL.51644.read.1.tlog
C:\Users\stephen\Documents\GitHub\Inscrutable\sp\src\vgui2\vgui_controls\Release\CL.51644.write.1.tlog
C:\Users\stephen\Documents\GitHub\Inscrutable\sp\src\vgui2\vgui_controls\Release\CL.54100.read.1.tlog
C:\Users\stephen\Documents\GitHub\Inscrutable\sp\src\vgui2\vgui_controls\Release\CL.54100.write.1.tlog
C:\Users\stephen\Documents\GitHub\Inscrutable\sp\src\vgui2\vgui_controls\Release\CL.6248.read.1.tlog
C:\Users\stephen\Documents\GitHub\Inscrutable\sp\src\vgui2\vgui_controls\Release\CL.6248.write.1.tlog
C:\Users\stephen\Documents\GitHub\Inscrutable\sp\src\vgui2\vgui_controls\Release\CL.7216.read.1.tlog
C:\Users\stephen\Documents\GitHub\Inscrutable\sp\src\vgui2\vgui_controls\Release\CL.7216.write.1.tlog
C:\Users\stephen\Documents\GitHub\Inscrutable\sp\src\vgui2\vgui_controls\Release\cl.command.1.tlog
C:\Users\stephen\Documents\GitHub\Inscrutable\sp\src\vgui2\vgui_controls\Release\CL.read.1.tlog
C:\Users\stephen\Documents\GitHub\Inscrutable\sp\src\vgui2\vgui_controls\Release\cl.write.1.tlog
C:\USERS\STEPHEN\DOCUMENTS\GITHUB\INSCRUTABLE\SP\SRC\VGUI2\VGUI_CONTROLS\RELEASE\COMBOBOX.OBJ
C:\USERS\STEPHEN\DOCUMENTS\GITHUB\INSCRUTABLE\SP\SRC\VGUI2\VGUI_CONTROLS\RELEASE\CONSOLEDIALOG.OBJ
C:\USERS\STEPHEN\DOCUMENTS\GITHUB\INSCRUTABLE\SP\SRC\VGUI2\VGUI_CONTROLS\RELEASE\CONTROLLERMAP.OBJ
C:\USERS\STEPHEN\DOCUMENTS\GITHUB\INSCRUTABLE\SP\SRC\VGUI2\VGUI_CONTROLS\RELEASE\CONTROLS.OBJ
C:\Users\stephen\Documents\GitHub\Inscrutable\sp\src\vgui2\vgui_controls\Release\custombuild.command.1.tlog
C:\Users\stephen\Documents\GitHub\Inscrutable\sp\src\vgui2\vgui_controls\Release\custombuild.read.1.tlog
C:\Users\stephen\Documents\GitHub\Inscrutable\sp\src\vgui2\vgui_controls\Release\custombuild.write.1.tlog
C:\USERS\STEPHEN\DOCUMENTS\GITHUB\INSCRUTABLE\SP\SRC\VGUI2\VGUI_CONTROLS\RELEASE\CVARTOGGLECHECKBUTTON.OBJ
C:\USERS\STEPHEN\DOCUMENTS\GITHUB\INSCRUTABLE\SP\SRC\VGUI2\VGUI_CONTROLS\RELEASE\DIRECTORYSELECTDIALOG.OBJ
C:\USERS\STEPHEN\DOCUMENTS\GITHUB\INSCRUTABLE\SP\SRC\VGUI2\VGUI_CONTROLS\RELEASE\DIVIDER.OBJ
C:\USERS\STEPHEN\DOCUMENTS\GITHUB\INSCRUTABLE\SP\SRC\VGUI2\VGUI_CONTROLS\RELEASE\EDITABLEPANEL.OBJ
C:\USERS\STEPHEN\DOCUMENTS\GITHUB\INSCRUTABLE\SP\SRC\VGUI2\VGUI_CONTROLS\RELEASE\EXPANDBUTTON.OBJ
C:\USERS\STEPHEN\DOCUMENTS\GITHUB\INSCRUTABLE\SP\SRC\VGUI2\VGUI_CONTROLS\RELEASE\FILEOPENDIALOG.OBJ
C:\USERS\STEPHEN\DOCUMENTS\GITHUB\INSCRUTABLE\SP\SRC\VGUI2\VGUI_CONTROLS\RELEASE\FILEOPENSTATEMACHINE.OBJ
C:\USERS\STEPHEN\DOCUMENTS\GITHUB\INSCRUTABLE\SP\SRC\VGUI2\VGUI_CONTROLS\RELEASE\FILESYSTEM_HELPERS.OBJ
C:\USERS\STEPHEN\DOCUMENTS\GITHUB\INSCRUTABLE\SP\SRC\VGUI2\VGUI_CONTROLS\RELEASE\FOCUSNAVGROUP.OBJ
C:\USERS\STEPHEN\DOCUMENTS\GITHUB\INSCRUTABLE\SP\SRC\VGUI2\VGUI_CONTROLS\RELEASE\FRAME.OBJ
C:\USERS\STEPHEN\DOCUMENTS\GITHUB\INSCRUTABLE\SP\SRC\VGUI2\VGUI_CONTROLS\RELEASE\GRAPHPANEL.OBJ
C:\USERS\STEPHEN\DOCUMENTS\GITHUB\INSCRUTABLE\SP\SRC\VGUI2\VGUI_CONTROLS\RELEASE\HTML.OBJ
C:\USERS\STEPHEN\DOCUMENTS\GITHUB\INSCRUTABLE\SP\SRC\VGUI2\VGUI_CONTROLS\RELEASE\HTMLMESSAGES.PB.OBJ
C:\USERS\STEPHEN\DOCUMENTS\GITHUB\INSCRUTABLE\SP\SRC\VGUI2\VGUI_CONTROLS\RELEASE\HTMLPROTOBUF.OBJ
C:\USERS\STEPHEN\DOCUMENTS\GITHUB\INSCRUTABLE\SP\SRC\VGUI2\VGUI_CONTROLS\RELEASE\IMAGE.OBJ
C:\USERS\STEPHEN\DOCUMENTS\GITHUB\INSCRUTABLE\SP\SRC\VGUI2\VGUI_CONTROLS\RELEASE\IMAGELIST.OBJ
C:\USERS\STEPHEN\DOCUMENTS\GITHUB\INSCRUTABLE\SP\SRC\VGUI2\VGUI_CONTROLS\RELEASE\IMAGEPANEL.OBJ
C:\USERS\STEPHEN\DOCUMENTS\GITHUB\INSCRUTABLE\SP\SRC\VGUI2\VGUI_CONTROLS\RELEASE\INPUTDIALOG.OBJ
C:\USERS\STEPHEN\DOCUMENTS\GITHUB\INSCRUTABLE\SP\SRC\VGUI2\VGUI_CONTROLS\RELEASE\KEYBINDINGHELPDIALOG.OBJ
C:\USERS\STEPHEN\DOCUMENTS\GITHUB\INSCRUTABLE\SP\SRC\VGUI2\VGUI_CONTROLS\RELEASE\KEYBOARDEDITORDIALOG.OBJ
C:\USERS\STEPHEN\DOCUMENTS\GITHUB\INSCRUTABLE\SP\SRC\VGUI2\VGUI_CONTROLS\RELEASE\KEYREPEAT.OBJ
C:\USERS\STEPHEN\DOCUMENTS\GITHUB\INSCRUTABLE\SP\SRC\VGUI2\VGUI_CONTROLS\RELEASE\LABEL.OBJ
C:\Users\stephen\Documents\GitHub\Inscrutable\sp\src\vgui2\vgui_controls\Release\lib.command.1.tlog
C:\Users\stephen\Documents\GitHub\Inscrutable\sp\src\vgui2\vgui_controls\Release\Lib-link.read.1.tlog
C:\Users\stephen\Documents\GitHub\Inscrutable\sp\src\vgui2\vgui_controls\Release\Lib-link.write.1.tlog
C:\USERS\STEPHEN\DOCUMENTS\GITHUB\INSCRUTABLE\SP\SRC\VGUI2\VGUI_CONTROLS\RELEASE\LISTPANEL.OBJ
C:\USERS\STEPHEN\DOCUMENTS\GITHUB\INSCRUTABLE\SP\SRC\VGUI2\VGUI_CONTROLS\RELEASE\LISTVIEWPANEL.OBJ
C:\USERS\STEPHEN\DOCUMENTS\GITHUB\INSCRUTABLE\SP\SRC\VGUI2\VGUI_CONTROLS\RELEASE\MENU.OBJ
C:\USERS\STEPHEN\DOCUMENTS\GITHUB\INSCRUTABLE\SP\SRC\VGUI2\VGUI_CONTROLS\RELEASE\MENUBAR.OBJ
C:\USERS\STEPHEN\DOCUMENTS\GITHUB\INSCRUTABLE\SP\SRC\VGUI2\VGUI_CONTROLS\RELEASE\MENUBUTTON.OBJ
C:\USERS\STEPHEN\DOCUMENTS\GITHUB\INSCRUTABLE\SP\SRC\VGUI2\VGUI_CONTROLS\RELEASE\MENUITEM.OBJ
C:\USERS\STEPHEN\DOCUMENTS\GITHUB\INSCRUTABLE\SP\SRC\VGUI2\VGUI_CONTROLS\RELEASE\MESSAGEBOX.OBJ
C:\USERS\STEPHEN\DOCUMENTS\GITHUB\INSCRUTABLE\SP\SRC\VGUI2\VGUI_CONTROLS\RELEASE\MESSAGEDIALOG.OBJ
C:\USERS\STEPHEN\DOCUMENTS\GITHUB\INSCRUTABLE\SP\SRC\VGUI2\VGUI_CONTROLS\RELEASE\PANEL.OBJ
C:\USERS\STEPHEN\DOCUMENTS\GITHUB\INSCRUTABLE\SP\SRC\VGUI2\VGUI_CONTROLS\RELEASE\PANELLISTPANEL.OBJ
C:\USERS\STEPHEN\DOCUMENTS\GITHUB\INSCRUTABLE\SP\SRC\VGUI2\VGUI_CONTROLS\RELEASE\PERFORCEFILEEXPLORER.OBJ
C:\USERS\STEPHEN\DOCUMENTS\GITHUB\INSCRUTABLE\SP\SRC\VGUI2\VGUI_CONTROLS\RELEASE\PERFORCEFILELIST.OBJ
C:\USERS\STEPHEN\DOCUMENTS\GITHUB\INSCRUTABLE\SP\SRC\VGUI2\VGUI_CONTROLS\RELEASE\PERFORCEFILELISTFRAME.OBJ
C:\USERS\STEPHEN\DOCUMENTS\GITHUB\INSCRUTABLE\SP\SRC\VGUI2\VGUI_CONTROLS\RELEASE\PROGRESSBAR.OBJ
C:\USERS\STEPHEN\DOCUMENTS\GITHUB\INSCRUTABLE\SP\SRC\VGUI2\VGUI_CONTROLS\RELEASE\PROGRESSBOX.OBJ
C:\USERS\STEPHEN\DOCUMENTS\GITHUB\INSCRUTABLE\SP\SRC\VGUI2\VGUI_CONTROLS\RELEASE\PROPERTYDIALOG.OBJ
C:\USERS\STEPHEN\DOCUMENTS\GITHUB\INSCRUTABLE\SP\SRC\VGUI2\VGUI_CONTROLS\RELEASE\PROPERTYPAGE.OBJ
C:\USERS\STEPHEN\DOCUMENTS\GITHUB\INSCRUTABLE\SP\SRC\VGUI2\VGUI_CONTROLS\RELEASE\PROPERTYSHEET.OBJ
C:\USERS\STEPHEN\DOCUMENTS\GITHUB\INSCRUTABLE\SP\SRC\VGUI2\VGUI_CONTROLS\RELEASE\QUERYBOX.OBJ
C:\USERS\STEPHEN\DOCUMENTS\GITHUB\INSCRUTABLE\SP\SRC\VGUI2\VGUI_CONTROLS\RELEASE\RADIOBUTTON.OBJ
C:\USERS\STEPHEN\DOCUMENTS\GITHUB\INSCRUTABLE\SP\SRC\VGUI2\VGUI_CONTROLS\RELEASE\RICHTEXT.OBJ
C:\USERS\STEPHEN\DOCUMENTS\GITHUB\INSCRUTABLE\SP\SRC\VGUI2\VGUI_CONTROLS\RELEASE\ROTATINGPROGRESSBAR.OBJ
C:\USERS\STEPHEN\DOCUMENTS\GITHUB\INSCRUTABLE\SP\SRC\VGUI2\VGUI_CONTROLS\RELEASE\SAVEDOCUMENTQUERY.OBJ
C:\USERS\STEPHEN\DOCUMENTS\GITHUB\INSCRUTABLE\SP\SRC\VGUI2\VGUI_CONTROLS\RELEASE\SCALABLEIMAGEPANEL.OBJ
C:\USERS\STEPHEN\DOCUMENTS\GITHUB\INSCRUTABLE\SP\SRC\VGUI2\VGUI_CONTROLS\RELEASE\SCROLLABLEEDITABLEPANEL.OBJ
C:\USERS\STEPHEN\DOCUMENTS\GITHUB\INSCRUTABLE\SP\SRC\VGUI2\VGUI_CONTROLS\RELEASE\SCROLLBAR.OBJ
C:\USERS\STEPHEN\DOCUMENTS\GITHUB\INSCRUTABLE\SP\SRC\VGUI2\VGUI_CONTROLS\RELEASE\SCROLLBARSLIDER.OBJ
C:\USERS\STEPHEN\DOCUMENTS\GITHUB\INSCRUTABLE\SP\SRC\VGUI2\VGUI_CONTROLS\RELEASE\SECTIONEDLISTPANEL.OBJ
C:\USERS\STEPHEN\DOCUMENTS\GITHUB\INSCRUTABLE\SP\SRC\VGUI2\VGUI_CONTROLS\RELEASE\SLIDER.OBJ
C:\USERS\STEPHEN\DOCUMENTS\GITHUB\INSCRUTABLE\SP\SRC\VGUI2\VGUI_CONTROLS\RELEASE\SPLITTER.OBJ
C:\USERS\STEPHEN\DOCUMENTS\GITHUB\INSCRUTABLE\SP\SRC\VGUI2\VGUI_CONTROLS\RELEASE\SUBRECTIMAGE.OBJ
C:\USERS\STEPHEN\DOCUMENTS\GITHUB\INSCRUTABLE\SP\SRC\VGUI2\VGUI_CONTROLS\RELEASE\TEXTENTRY.OBJ
C:\USERS\STEPHEN\DOCUMENTS\GITHUB\INSCRUTABLE\SP\SRC\VGUI2\VGUI_CONTROLS\RELEASE\TEXTIMAGE.OBJ
C:\USERS\STEPHEN\DOCUMENTS\GITHUB\INSCRUTABLE\SP\SRC\VGUI2\VGUI_CONTROLS\RELEASE\TOGGLEBUTTON.OBJ
C:\USERS\STEPHEN\DOCUMENTS\GITHUB\INSCRUTABLE\SP\SRC\VGUI2\VGUI_CONTROLS\RELEASE\TOOLTIP.OBJ
C:\USERS\STEPHEN\DOCUMENTS\GITHUB\INSCRUTABLE\SP\SRC\VGUI2\VGUI_CONTROLS\RELEASE\TOOLWINDOW.OBJ
C:\USERS\STEPHEN\DOCUMENTS\GITHUB\INSCRUTABLE\SP\SRC\VGUI2\VGUI_CONTROLS\RELEASE\TREEVIEW.OBJ
C:\USERS\STEPHEN\DOCUMENTS\GITHUB\INSCRUTABLE\SP\SRC\VGUI2\VGUI_CONTROLS\RELEASE\TREEVIEWLISTCONTROL.OBJ
C:\USERS\STEPHEN\DOCUMENTS\GITHUB\INSCRUTABLE\SP\SRC\VGUI2\VGUI_CONTROLS\RELEASE\URLLABEL.OBJ
C:\Users\stephen\Documents\GitHub\Inscrutable\sp\src\vgui2\vgui_controls\Release\vgui_controls.vcxprojResolveAssemblyReference.cache
C:\Users\stephen\Documents\GitHub\Inscrutable\sp\src\vgui2\vgui_controls\Release\vgui_controls.write.1.tlog
C:\USERS\STEPHEN\DOCUMENTS\GITHUB\INSCRUTABLE\SP\SRC\VGUI2\VGUI_CONTROLS\RELEASE\VGUI_KEY_TRANSLATION.OBJ
C:\USERS\STEPHEN\DOCUMENTS\GITHUB\INSCRUTABLE\SP\SRC\VGUI2\VGUI_CONTROLS\RELEASE\WIZARDPANEL.OBJ
C:\USERS\STEPHEN\DOCUMENTS\GITHUB\INSCRUTABLE\SP\SRC\VGUI2\VGUI_CONTROLS\RELEASE\WIZARDSUBPANEL.OBJ
C:\USERS\STEPHEN\DOCUMENTS\GITHUB\INSCRUTABLE_CODE\SOURCE-SDK-2013\SP\SRC\LIB\PUBLIC\VGUI_CONTROLS.LIB
C:\USERS\STEPHEN\DOCUMENTS\GITHUB\INSCRUTABLE_CODE\SOURCE-SDK-2013\SP\SRC\VGUI2\VGUI_CONTROLS\GENERATED_PROTO\HTMLMESSAGES.PB.CC
C:\USERS\STEPHEN\DOCUMENTS\GITHUB\INSCRUTABLE_CODE\SOURCE-SDK-2013\SP\SRC\VGUI2\VGUI_CONTROLS\GENERATED_PROTO\HTMLMESSAGES.PB.H
C:\USERS\STEPHEN\DOCUMENTS\GITHUB\INSCRUTABLE_CODE\SOURCE-SDK-2013\SP\SRC\VGUI2\VGUI_CONTROLS\RELEASE\ANALOGBAR.OBJ
C:\USERS\STEPHEN\DOCUMENTS\GITHUB\INSCRUTABLE_CODE\SOURCE-SDK-2013\SP\SRC\VGUI2\VGUI_CONTROLS\RELEASE\ANIMATINGIMAGEPANEL.OBJ
C:\USERS\STEPHEN\DOCUMENTS\GITHUB\INSCRUTABLE_CODE\SOURCE-SDK-2013\SP\SRC\VGUI2\VGUI_CONTROLS\RELEASE\ANIMATIONCONTROLLER.OBJ
C:\USERS\STEPHEN\DOCUMENTS\GITHUB\INSCRUTABLE_CODE\SOURCE-SDK-2013\SP\SRC\VGUI2\VGUI_CONTROLS\RELEASE\BITMAPIMAGEPANEL.OBJ
C:\USERS\STEPHEN\DOCUMENTS\GITHUB\INSCRUTABLE_CODE\SOURCE-SDK-2013\SP\SRC\VGUI2\VGUI_CONTROLS\RELEASE\BUILDFACTORYHELPER.OBJ
C:\USERS\STEPHEN\DOCUMENTS\GITHUB\INSCRUTABLE_CODE\SOURCE-SDK-2013\SP\SRC\VGUI2\VGUI_CONTROLS\RELEASE\BUILDGROUP.OBJ
C:\USERS\STEPHEN\DOCUMENTS\GITHUB\INSCRUTABLE_CODE\SOURCE-SDK-2013\SP\SRC\VGUI2\VGUI_CONTROLS\RELEASE\BUILDMODEDIALOG.OBJ
C:\USERS\STEPHEN\DOCUMENTS\GITHUB\INSCRUTABLE_CODE\SOURCE-SDK-2013\SP\SRC\VGUI2\VGUI_CONTROLS\RELEASE\BUTTON.OBJ
C:\USERS\STEPHEN\DOCUMENTS\GITHUB\INSCRUTABLE_CODE\SOURCE-SDK-2013\SP\SRC\VGUI2\VGUI_CONTROLS\RELEASE\CHECKBUTTON.OBJ
C:\USERS\STEPHEN\DOCUMENTS\GITHUB\INSCRUTABLE_CODE\SOURCE-SDK-2013\SP\SRC\VGUI2\VGUI_CONTROLS\RELEASE\CHECKBUTTONLIST.OBJ
C:\USERS\STEPHEN\DOCUMENTS\GITHUB\INSCRUTABLE_CODE\SOURCE-SDK-2013\SP\SRC\VGUI2\VGUI_CONTROLS\RELEASE\CIRCULARPROGRESSBAR.OBJ
C:\USERS\STEPHEN\DOCUMENTS\GITHUB\INSCRUTABLE_CODE\SOURCE-SDK-2013\SP\SRC\VGUI2\VGUI_CONTROLS\RELEASE\COMBOBOX.OBJ
C:\USERS\STEPHEN\DOCUMENTS\GITHUB\INSCRUTABLE_CODE\SOURCE-SDK-2013\SP\SRC\VGUI2\VGUI_CONTROLS\RELEASE\CONSOLEDIALOG.OBJ
C:\USERS\STEPHEN\DOCUMENTS\GITHUB\INSCRUTABLE_CODE\SOURCE-SDK-2013\SP\SRC\VGUI2\VGUI_CONTROLS\RELEASE\CONTROLLERMAP.OBJ
C:\USERS\STEPHEN\DOCUMENTS\GITHUB\INSCRUTABLE_CODE\SOURCE-SDK-2013\SP\SRC\VGUI2\VGUI_CONTROLS\RELEASE\CONTROLS.OBJ
C:\USERS\STEPHEN\DOCUMENTS\GITHUB\INSCRUTABLE_CODE\SOURCE-SDK-2013\SP\SRC\VGUI2\VGUI_CONTROLS\RELEASE\CVARTOGGLECHECKBUTTON.OBJ
C:\USERS\STEPHEN\DOCUMENTS\GITHUB\INSCRUTABLE_CODE\SOURCE-SDK-2013\SP\SRC\VGUI2\VGUI_CONTROLS\RELEASE\DIRECTORYSELECTDIALOG.OBJ
C:\USERS\STEPHEN\DOCUMENTS\GITHUB\INSCRUTABLE_CODE\SOURCE-SDK-2013\SP\SRC\VGUI2\VGUI_CONTROLS\RELEASE\DIVIDER.OBJ
C:\USERS\STEPHEN\DOCUMENTS\GITHUB\INSCRUTABLE_CODE\SOURCE-SDK-2013\SP\SRC\VGUI2\VGUI_CONTROLS\RELEASE\EDITABLEPANEL.OBJ
C:\USERS\STEPHEN\DOCUMENTS\GITHUB\INSCRUTABLE_CODE\SOURCE-SDK-2013\SP\SRC\VGUI2\VGUI_CONTROLS\RELEASE\EXPANDBUTTON.OBJ
C:\USERS\STEPHEN\DOCUMENTS\GITHUB\INSCRUTABLE_CODE\SOURCE-SDK-2013\SP\SRC\VGUI2\VGUI_CONTROLS\RELEASE\FILEOPENDIALOG.OBJ
C:\USERS\STEPHEN\DOCUMENTS\GITHUB\INSCRUTABLE_CODE\SOURCE-SDK-2013\SP\SRC\VGUI2\VGUI_CONTROLS\RELEASE\FILEOPENSTATEMACHINE.OBJ
C:\USERS\STEPHEN\DOCUMENTS\GITHUB\INSCRUTABLE_CODE\SOURCE-SDK-2013\SP\SRC\VGUI2\VGUI_CONTROLS\RELEASE\FILESYSTEM_HELPERS.OBJ
C:\USERS\STEPHEN\DOCUMENTS\GITHUB\INSCRUTABLE_CODE\SOURCE-SDK-2013\SP\SRC\VGUI2\VGUI_CONTROLS\RELEASE\FOCUSNAVGROUP.OBJ
C:\USERS\STEPHEN\DOCUMENTS\GITHUB\INSCRUTABLE_CODE\SOURCE-SDK-2013\SP\SRC\VGUI2\VGUI_CONTROLS\RELEASE\FRAME.OBJ
C:\USERS\STEPHEN\DOCUMENTS\GITHUB\INSCRUTABLE_CODE\SOURCE-SDK-2013\SP\SRC\VGUI2\VGUI_CONTROLS\RELEASE\GRAPHPANEL.OBJ
C:\USERS\STEPHEN\DOCUMENTS\GITHUB\INSCRUTABLE_CODE\SOURCE-SDK-2013\SP\SRC\VGUI2\VGUI_CONTROLS\RELEASE\HTML.OBJ
C:\USERS\STEPHEN\DOCUMENTS\GITHUB\INSCRUTABLE_CODE\SOURCE-SDK-2013\SP\SRC\VGUI2\VGUI_CONTROLS\RELEASE\HTMLMESSAGES.PB.OBJ
C:\USERS\STEPHEN\DOCUMENTS\GITHUB\INSCRUTABLE_CODE\SOURCE-SDK-2013\SP\SRC\VGUI2\VGUI_CONTROLS\RELEASE\HTMLPROTOBUF.OBJ
C:\USERS\STEPHEN\DOCUMENTS\GITHUB\INSCRUTABLE_CODE\SOURCE-SDK-2013\SP\SRC\VGUI2\VGUI_CONTROLS\RELEASE\IMAGE.OBJ
C:\USERS\STEPHEN\DOCUMENTS\GITHUB\INSCRUTABLE_CODE\SOURCE-SDK-2013\SP\SRC\VGUI2\VGUI_CONTROLS\RELEASE\IMAGELIST.OBJ
C:\USERS\STEPHEN\DOCUMENTS\GITHUB\INSCRUTABLE_CODE\SOURCE-SDK-2013\SP\SRC\VGUI2\VGUI_CONTROLS\RELEASE\IMAGEPANEL.OBJ
C:\USERS\STEPHEN\DOCUMENTS\GITHUB\INSCRUTABLE_CODE\SOURCE-SDK-2013\SP\SRC\VGUI2\VGUI_CONTROLS\RELEASE\INPUTDIALOG.OBJ
C:\USERS\STEPHEN\DOCUMENTS\GITHUB\INSCRUTABLE_CODE\SOURCE-SDK-2013\SP\SRC\VGUI2\VGUI_CONTROLS\RELEASE\KEYBINDINGHELPDIALOG.OBJ
C:\USERS\STEPHEN\DOCUMENTS\GITHUB\INSCRUTABLE_CODE\SOURCE-SDK-2013\SP\SRC\VGUI2\VGUI_CONTROLS\RELEASE\KEYBOARDEDITORDIALOG.OBJ
C:\USERS\STEPHEN\DOCUMENTS\GITHUB\INSCRUTABLE_CODE\SOURCE-SDK-2013\SP\SRC\VGUI2\VGUI_CONTROLS\RELEASE\KEYREPEAT.OBJ
C:\USERS\STEPHEN\DOCUMENTS\GITHUB\INSCRUTABLE_CODE\SOURCE-SDK-2013\SP\SRC\VGUI2\VGUI_CONTROLS\RELEASE\LABEL.OBJ
C:\USERS\STEPHEN\DOCUMENTS\GITHUB\INSCRUTABLE_CODE\SOURCE-SDK-2013\SP\SRC\VGUI2\VGUI_CONTROLS\RELEASE\LISTPANEL.OBJ
C:\USERS\STEPHEN\DOCUMENTS\GITHUB\INSCRUTABLE_CODE\SOURCE-SDK-2013\SP\SRC\VGUI2\VGUI_CONTROLS\RELEASE\LISTVIEWPANEL.OBJ
C:\USERS\STEPHEN\DOCUMENTS\GITHUB\INSCRUTABLE_CODE\SOURCE-SDK-2013\SP\SRC\VGUI2\VGUI_CONTROLS\RELEASE\MENU.OBJ
C:\USERS\STEPHEN\DOCUMENTS\GITHUB\INSCRUTABLE_CODE\SOURCE-SDK-2013\SP\SRC\VGUI2\VGUI_CONTROLS\RELEASE\MENUBAR.OBJ
C:\USERS\STEPHEN\DOCUMENTS\GITHUB\INSCRUTABLE_CODE\SOURCE-SDK-2013\SP\SRC\VGUI2\VGUI_CONTROLS\RELEASE\MENUBUTTON.OBJ
C:\USERS\STEPHEN\DOCUMENTS\GITHUB\INSCRUTABLE_CODE\SOURCE-SDK-2013\SP\SRC\VGUI2\VGUI_CONTROLS\RELEASE\MENUITEM.OBJ
C:\USERS\STEPHEN\DOCUMENTS\GITHUB\INSCRUTABLE_CODE\SOURCE-SDK-2013\SP\SRC\VGUI2\VGUI_CONTROLS\RELEASE\MESSAGEBOX.OBJ
C:\USERS\STEPHEN\DOCUMENTS\GITHUB\INSCRUTABLE_CODE\SOURCE-SDK-2013\SP\SRC\VGUI2\VGUI_CONTROLS\RELEASE\MESSAGEDIALOG.OBJ
C:\USERS\STEPHEN\DOCUMENTS\GITHUB\INSCRUTABLE_CODE\SOURCE-SDK-2013\SP\SRC\VGUI2\VGUI_CONTROLS\RELEASE\PANEL.OBJ
C:\USERS\STEPHEN\DOCUMENTS\GITHUB\INSCRUTABLE_CODE\SOURCE-SDK-2013\SP\SRC\VGUI2\VGUI_CONTROLS\RELEASE\PANELLISTPANEL.OBJ
C:\USERS\STEPHEN\DOCUMENTS\GITHUB\INSCRUTABLE_CODE\SOURCE-SDK-2013\SP\SRC\VGUI2\VGUI_CONTROLS\RELEASE\PERFORCEFILEEXPLORER.OBJ
C:\USERS\STEPHEN\DOCUMENTS\GITHUB\INSCRUTABLE_CODE\SOURCE-SDK-2013\SP\SRC\VGUI2\VGUI_CONTROLS\RELEASE\PERFORCEFILELIST.OBJ
C:\USERS\STEPHEN\DOCUMENTS\GITHUB\INSCRUTABLE_CODE\SOURCE-SDK-2013\SP\SRC\VGUI2\VGUI_CONTROLS\RELEASE\PERFORCEFILELISTFRAME.OBJ
C:\USERS\STEPHEN\DOCUMENTS\GITHUB\INSCRUTABLE_CODE\SOURCE-SDK-2013\SP\SRC\VGUI2\VGUI_CONTROLS\RELEASE\PROGRESSBAR.OBJ
C:\USERS\STEPHEN\DOCUMENTS\GITHUB\INSCRUTABLE_CODE\SOURCE-SDK-2013\SP\SRC\VGUI2\VGUI_CONTROLS\RELEASE\PROGRESSBOX.OBJ
C:\USERS\STEPHEN\DOCUMENTS\GITHUB\INSCRUTABLE_CODE\SOURCE-SDK-2013\SP\SRC\VGUI2\VGUI_CONTROLS\RELEASE\PROPERTYDIALOG.OBJ
C:\USERS\STEPHEN\DOCUMENTS\GITHUB\INSCRUTABLE_CODE\SOURCE-SDK-2013\SP\SRC\VGUI2\VGUI_CONTROLS\RELEASE\PROPERTYPAGE.OBJ
C:\USERS\STEPHEN\DOCUMENTS\GITHUB\INSCRUTABLE_CODE\SOURCE-SDK-2013\SP\SRC\VGUI2\VGUI_CONTROLS\RELEASE\PROPERTYSHEET.OBJ
C:\USERS\STEPHEN\DOCUMENTS\GITHUB\INSCRUTABLE_CODE\SOURCE-SDK-2013\SP\SRC\VGUI2\VGUI_CONTROLS\RELEASE\QUERYBOX.OBJ
C:\USERS\STEPHEN\DOCUMENTS\GITHUB\INSCRUTABLE_CODE\SOURCE-SDK-2013\SP\SRC\VGUI2\VGUI_CONTROLS\RELEASE\RADIOBUTTON.OBJ
C:\USERS\STEPHEN\DOCUMENTS\GITHUB\INSCRUTABLE_CODE\SOURCE-SDK-2013\SP\SRC\VGUI2\VGUI_CONTROLS\RELEASE\RICHTEXT.OBJ
C:\USERS\STEPHEN\DOCUMENTS\GITHUB\INSCRUTABLE_CODE\SOURCE-SDK-2013\SP\SRC\VGUI2\VGUI_CONTROLS\RELEASE\ROTATINGPROGRESSBAR.OBJ
C:\USERS\STEPHEN\DOCUMENTS\GITHUB\INSCRUTABLE_CODE\SOURCE-SDK-2013\SP\SRC\VGUI2\VGUI_CONTROLS\RELEASE\SAVEDOCUMENTQUERY.OBJ
C:\USERS\STEPHEN\DOCUMENTS\GITHUB\INSCRUTABLE_CODE\SOURCE-SDK-2013\SP\SRC\VGUI2\VGUI_CONTROLS\RELEASE\SCALABLEIMAGEPANEL.OBJ
C:\USERS\STEPHEN\DOCUMENTS\GITHUB\INSCRUTABLE_CODE\SOURCE-SDK-2013\SP\SRC\VGUI2\VGUI_CONTROLS\RELEASE\SCROLLABLEEDITABLEPANEL.OBJ
C:\USERS\STEPHEN\DOCUMENTS\GITHUB\INSCRUTABLE_CODE\SOURCE-SDK-2013\SP\SRC\VGUI2\VGUI_CONTROLS\RELEASE\SCROLLBAR.OBJ
C:\USERS\STEPHEN\DOCUMENTS\GITHUB\INSCRUTABLE_CODE\SOURCE-SDK-2013\SP\SRC\VGUI2\VGUI_CONTROLS\RELEASE\SCROLLBARSLIDER.OBJ
C:\USERS\STEPHEN\DOCUMENTS\GITHUB\INSCRUTABLE_CODE\SOURCE-SDK-2013\SP\SRC\VGUI2\VGUI_CONTROLS\RELEASE\SECTIONEDLISTPANEL.OBJ
C:\USERS\STEPHEN\DOCUMENTS\GITHUB\INSCRUTABLE_CODE\SOURCE-SDK-2013\SP\SRC\VGUI2\VGUI_CONTROLS\RELEASE\SLIDER.OBJ
C:\USERS\STEPHEN\DOCUMENTS\GITHUB\INSCRUTABLE_CODE\SOURCE-SDK-2013\SP\SRC\VGUI2\VGUI_CONTROLS\RELEASE\SPLITTER.OBJ
C:\USERS\STEPHEN\DOCUMENTS\GITHUB\INSCRUTABLE_CODE\SOURCE-SDK-2013\SP\SRC\VGUI2\VGUI_CONTROLS\RELEASE\SUBRECTIMAGE.OBJ
C:\USERS\STEPHEN\DOCUMENTS\GITHUB\INSCRUTABLE_CODE\SOURCE-SDK-2013\SP\SRC\VGUI2\VGUI_CONTROLS\RELEASE\TEXTENTRY.OBJ
C:\USERS\STEPHEN\DOCUMENTS\GITHUB\INSCRUTABLE_CODE\SOURCE-SDK-2013\SP\SRC\VGUI2\VGUI_CONTROLS\RELEASE\TEXTIMAGE.OBJ
C:\USERS\STEPHEN\DOCUMENTS\GITHUB\INSCRUTABLE_CODE\SOURCE-SDK-2013\SP\SRC\VGUI2\VGUI_CONTROLS\RELEASE\TOGGLEBUTTON.OBJ
C:\USERS\STEPHEN\DOCUMENTS\GITHUB\INSCRUTABLE_CODE\SOURCE-SDK-2013\SP\SRC\VGUI2\VGUI_CONTROLS\RELEASE\TOOLTIP.OBJ
C:\USERS\STEPHEN\DOCUMENTS\GITHUB\INSCRUTABLE_CODE\SOURCE-SDK-2013\SP\SRC\VGUI2\VGUI_CONTROLS\RELEASE\TOOLWINDOW.OBJ
C:\USERS\STEPHEN\DOCUMENTS\GITHUB\INSCRUTABLE_CODE\SOURCE-SDK-2013\SP\SRC\VGUI2\VGUI_CONTROLS\RELEASE\TREEVIEW.OBJ
C:\USERS\STEPHEN\DOCUMENTS\GITHUB\INSCRUTABLE_CODE\SOURCE-SDK-2013\SP\SRC\VGUI2\VGUI_CONTROLS\RELEASE\TREEVIEWLISTCONTROL.OBJ
C:\USERS\STEPHEN\DOCUMENTS\GITHUB\INSCRUTABLE_CODE\SOURCE-SDK-2013\SP\SRC\VGUI2\VGUI_CONTROLS\RELEASE\URLLABEL.OBJ
C:\USERS\STEPHEN\DOCUMENTS\GITHUB\INSCRUTABLE_CODE\SOURCE-SDK-2013\SP\SRC\VGUI2\VGUI_CONTROLS\RELEASE\VGUI_KEY_TRANSLATION.OBJ
C:\USERS\STEPHEN\DOCUMENTS\GITHUB\INSCRUTABLE_CODE\SOURCE-SDK-2013\SP\SRC\VGUI2\VGUI_CONTROLS\RELEASE\WIZARDPANEL.OBJ
C:\USERS\STEPHEN\DOCUMENTS\GITHUB\INSCRUTABLE_CODE\SOURCE-SDK-2013\SP\SRC\VGUI2\VGUI_CONTROLS\RELEASE\WIZARDSUBPANEL.OBJ
C:\USERS\STEPHEN\DOCUMENTS\GITHUB\SOURCE-SDK-2013\SP\SRC\LIB\PUBLIC\VGUI_CONTROLS.LIB
C:\USERS\STEPHEN\DOCUMENTS\GITHUB\SOURCE-SDK-2013\SP\SRC\VGUI2\VGUI_CONTROLS\GENERATED_PROTO\HTMLMESSAGES.PB.CC
C:\USERS\STEPHEN\DOCUMENTS\GITHUB\SOURCE-SDK-2013\SP\SRC\VGUI2\VGUI_CONTROLS\GENERATED_PROTO\HTMLMESSAGES.PB.H
C:\USERS\STEPHEN\DOCUMENTS\GITHUB\SOURCE-SDK-2013\SP\SRC\VGUI2\VGUI_CONTROLS\VGUI_CONTROLS.VPC.SENTINEL
